<?xml version="1.0" encoding="UTF-8"?>
<testsuite name="PlayerTest" tests="1" skipped="0" failures="0" errors="0" timestamp="2023-02-19T22:05:44" hostname="Aleems-MacBook-Pro-2.local" time="0.025">
  <properties/>
  <testcase name="navigateToPlayerInfo()" classname="PlayerTest" time="0.025"/>
  <system-out><![CDATA[?[35m[Appium]?[39m Welcome to Appium v2.0.0-beta.55
?[35m[Appium]?[39m Attempting to load driver uiautomator2...
[debug] ?[35m[Appium]?[39m Requiring driver at /Users/aleemhaq/.appium/node_modules/appium-uiautomator2-driver
[Appium] Appium REST http interface listener started on 0.0.0.0:4723
[Appium] Available drivers:
[Appium]   - uiautomator2@2.12.4 (automationName 'UiAutomator2')
[Appium] No plugins have been installed. Use the "appium plugin" command to install the one(s) you want to use.
?[38;5;0m[HTTP]?[0m ?[37m-->?[39m ?[37mGET?[39m ?[37m/status?[39m
?[38;5;0m[HTTP]?[0m {}
[debug] ?[38;5;16m[AppiumDriver@69d1]?[0m Calling AppiumDriver.getStatus() with args: []
[debug] ?[38;5;16m[AppiumDriver@69d1]?[0m Responding to client with driver.getStatus() result: {"build":{"version":"2.0.0-beta.55"}}
?[38;5;0m[HTTP]?[0m <-- GET /status 200 7 ms - 47
?[38;5;0m[HTTP]?[0m 
[debug] ?[38;5;0m[HTTP]?[0m Request idempotency key: 730c2b9c-f72c-4d29-9f10-16fe9e0238df
?[38;5;0m[HTTP]?[0m ?[37m-->?[39m ?[37mPOST?[39m ?[37m/session?[39m
?[38;5;0m[HTTP]?[0m {"capabilities":{"firstMatch":[{}],"alwaysMatch":{"appium:app":"/Users/aleemhaq/Documents/theScoreChallenge/theScore.apk","appium:autoGrantPermissions":true,"appium:automationName":"UiAutomator2","appium:avd":"Pixel_6_API_33","appium:eventTimings":true,"platformName":"android"}}}
[debug] ?[38;5;16m[AppiumDriver@69d1]?[0m Calling AppiumDriver.createSession() with args: [null,null,{"firstMatch":[{}],"alwaysMatch":{"appium:app":"/Users/aleemhaq/Documents/theScoreChallenge/theScore.apk","appium:autoGrantPermissions":true,"appium:automationName":"UiAutomator2","appium:avd":"Pixel_6_API_33","appium:eventTimings":true,"platformName":"android"}}]
[debug] ?[38;5;16m[AppiumDriver@69d1]?[0m Event 'newSessionRequested' logged at 1676844333861 (17:05:33 GMT-0500 (Eastern Standard Time))
[Appium] Attempting to find matching driver for automationName 'UiAutomator2' and platformName 'android'
[Appium] The 'uiautomator2' driver was installed and matched caps.
[Appium] Will require it at /Users/aleemhaq/.appium/node_modules/appium-uiautomator2-driver
[debug] [Appium] Requiring driver at /Users/aleemhaq/.appium/node_modules/appium-uiautomator2-driver
?[38;5;16m[AppiumDriver@69d1]?[0m Appium v2.0.0-beta.55 creating new AndroidUiautomator2Driver (v2.12.4) session
?[38;5;16m[AppiumDriver@69d1]?[0m Checking BaseDriver versions for Appium and AndroidUiautomator2Driver
?[38;5;16m[AppiumDriver@69d1]?[0m Appium's BaseDriver version is 9.3.1
?[38;5;16m[AppiumDriver@69d1]?[0m AndroidUiautomator2Driver's BaseDriver version is 9.3.1
[debug] ?[38;5;32m[AndroidUiautomator2Driver@6586]?[0m Creating session with W3C capabilities: {
[debug] ?[38;5;32m[AndroidUiautomator2Driver@6586]?[0m   "alwaysMatch": {
[debug] ?[38;5;32m[AndroidUiautomator2Driver@6586]?[0m     "platformName": "android",
[debug] ?[38;5;32m[AndroidUiautomator2Driver@6586]?[0m     "appium:app": "/Users/aleemhaq/Documents/theScoreChallenge/theScore.apk",
[debug] ?[38;5;32m[AndroidUiautomator2Driver@6586]?[0m     "appium:autoGrantPermissions": true,
[debug] ?[38;5;32m[AndroidUiautomator2Driver@6586]?[0m     "appium:automationName": "UiAutomator2",
[debug] ?[38;5;32m[AndroidUiautomator2Driver@6586]?[0m     "appium:avd": "Pixel_6_API_33",
[debug] ?[38;5;32m[AndroidUiautomator2Driver@6586]?[0m     "appium:eventTimings": true
[debug] ?[38;5;32m[AndroidUiautomator2Driver@6586]?[0m   },
[debug] ?[38;5;32m[AndroidUiautomator2Driver@6586]?[0m   "firstMatch": [
[debug] ?[38;5;32m[AndroidUiautomator2Driver@6586]?[0m     {}
[debug] ?[38;5;32m[AndroidUiautomator2Driver@6586]?[0m   ]
[debug] ?[38;5;32m[AndroidUiautomator2Driver@6586]?[0m }
?[38;5;32m[AndroidUiautomator2Driver@6586 (cdd7b7db)]?[0m Session created with session id: cdd7b7db-5439-4f84-92b8-396c9742913d
?[38;5;48m[BaseDriver]?[0m Using local app '/Users/aleemhaq/Documents/theScoreChallenge/theScore.apk'
[debug] ?[38;5;32m[AndroidUiautomator2Driver@6586 (cdd7b7db)]?[0m Checking whether app is actually present
?[38;5;64m[ADB]?[0m Found 2 'build-tools' folders under '/Users/aleemhaq/Library/Android/sdk' (newest first):
?[38;5;64m[ADB]?[0m     /Users/aleemhaq/Library/Android/sdk/build-tools/33.0.0
?[38;5;64m[ADB]?[0m     /Users/aleemhaq/Library/Android/sdk/build-tools/30.0.3
?[38;5;64m[ADB]?[0m Using 'adb' from '/Users/aleemhaq/Library/Android/sdk/platform-tools/adb'
[debug] ?[38;5;64m[ADB]?[0m Running '/Users/aleemhaq/Library/Android/sdk/platform-tools/adb -P 5037 start-server'
[debug] ?[38;5;64m[ADB]?[0m Trying to find 'Pixel_6_API_33' emulator
[debug] ?[38;5;64m[ADB]?[0m Getting connected emulators
[debug] ?[38;5;64m[ADB]?[0m Getting connected devices
[debug] ?[38;5;64m[ADB]?[0m Connected devices: [{"udid":"emulator-5554","state":"device"}]
[debug] ?[38;5;64m[ADB]?[0m 1 emulator connected
[debug] ?[38;5;64m[ADB]?[0m Overriding /Users/aleemhaq/.emulator_console_auth_token with an empty string to avoid telnet authentication for emulator commands
[debug] ?[38;5;64m[ADB]?[0m Executing Emulator console command: avd name
[debug] ?[38;5;64m[ADB]?[0m Found emulator 'Pixel_6_API_33' on port 5554
[debug] ?[38;5;64m[ADB]?[0m Setting device id to emulator-5554
[debug] ?[38;5;80m[AndroidDriver]?[0m Not launching AVD because it is already running.
?[38;5;80m[AndroidDriver]?[0m Using device: emulator-5554
?[38;5;64m[ADB]?[0m Using 'adb' from '/Users/aleemhaq/Library/Android/sdk/platform-tools/adb'
[debug] ?[38;5;64m[ADB]?[0m Running '/Users/aleemhaq/Library/Android/sdk/platform-tools/adb -P 5037 start-server'
[debug] ?[38;5;64m[ADB]?[0m Setting device id to emulator-5554
[debug] ?[38;5;64m[ADB]?[0m Running '/Users/aleemhaq/Library/Android/sdk/platform-tools/adb -P 5037 -s emulator-5554 shell getprop ro.build.version.sdk'
[debug] ?[38;5;64m[ADB]?[0m Current device property 'ro.build.version.sdk': 33
?[38;5;64m[ADB]?[0m Getting device platform version
[debug] ?[38;5;64m[ADB]?[0m Running '/Users/aleemhaq/Library/Android/sdk/platform-tools/adb -P 5037 -s emulator-5554 shell getprop ro.build.version.release'
[debug] ?[38;5;64m[ADB]?[0m Current device property 'ro.build.version.release': 13
[debug] ?[38;5;64m[ADB]?[0m Device API level: 33
?[38;5;32m[AndroidUiautomator2Driver@6586 (cdd7b7db)]?[0m Relaxing hidden api policy
[debug] ?[38;5;64m[ADB]?[0m Running '/Users/aleemhaq/Library/Android/sdk/platform-tools/adb -P 5037 -s emulator-5554 shell 'settings put global hidden_api_policy_pre_p_apps 1;settings put global hidden_api_policy_p_apps 1;settings put global hidden_api_policy 1''
[debug] ?[38;5;80m[AndroidDriver]?[0m Parsing package and activity from app manifest
?[38;5;64m[ADB]?[0m Package name: 'com.fivemobile.thescore'
?[38;5;64m[ADB]?[0m Main activity name: 'com.fivemobile.thescore.ui.MainActivity'
[debug] ?[38;5;80m[AndroidDriver]?[0m Parsed package and activity are: com.fivemobile.thescore/com.fivemobile.thescore.ui.MainActivity
[debug] ?[38;5;64m[ADB]?[0m Running '/Users/aleemhaq/Library/Android/sdk/platform-tools/adb -P 5037 -s emulator-5554 wait-for-device'
[debug] ?[38;5;64m[ADB]?[0m Running '/Users/aleemhaq/Library/Android/sdk/platform-tools/adb -P 5037 -s emulator-5554 shell echo ping'
[debug] ?[38;5;80m[AndroidDriver]?[0m Pushing settings apk to device...
[debug] ?[38;5;64m[ADB]?[0m Getting install status for io.appium.settings
[debug] ?[38;5;64m[ADB]?[0m Running '/Users/aleemhaq/Library/Android/sdk/platform-tools/adb -P 5037 -s emulator-5554 shell dumpsys package io.appium.settings'
[debug] ?[38;5;64m[ADB]?[0m 'io.appium.settings' is installed
[debug] ?[38;5;64m[ADB]?[0m Getting package info for 'io.appium.settings'
[debug] ?[38;5;64m[ADB]?[0m Running '/Users/aleemhaq/Library/Android/sdk/platform-tools/adb -P 5037 -s emulator-5554 shell dumpsys package io.appium.settings'
[debug] ?[38;5;64m[ADB]?[0m The version name of the installed 'io.appium.settings' is greater or equal to the application version name ('5.0.3' >= '5.0.3')
[debug] ?[38;5;64m[ADB]?[0m There is no need to install/upgrade '/Users/aleemhaq/.appium/node_modules/appium-uiautomator2-driver/node_modules/io.appium.settings/apks/settings_apk-debug.apk'
[debug] ?[38;5;64m[ADB]?[0m Getting IDs of all 'io.appium.settings' processes
[debug] ?[38;5;64m[ADB]?[0m Running '/Users/aleemhaq/Library/Android/sdk/platform-tools/adb -P 5037 -s emulator-5554 shell 'pgrep --help; echo $?''
[debug] ?[38;5;64m[ADB]?[0m Running '/Users/aleemhaq/Library/Android/sdk/platform-tools/adb -P 5037 -s emulator-5554 shell pgrep -f \(\[\[:blank:\]\]\|\^\)io\.appium\.settings\(\[\[:blank:\]\]\|\$\)'
[debug] ?[38;5;64m[ADB]?[0m Running '/Users/aleemhaq/Library/Android/sdk/platform-tools/adb -P 5037 -s emulator-5554 shell appops set io.appium.settings PROJECT_MEDIA allow'
[debug] ?[38;5;64m[ADB]?[0m Getting IDs of all 'io.appium.settings' processes
[debug] ?[38;5;64m[ADB]?[0m Running '/Users/aleemhaq/Library/Android/sdk/platform-tools/adb -P 5037 -s emulator-5554 shell pgrep -f \(\[\[:blank:\]\]\|\^\)io\.appium\.settings\(\[\[:blank:\]\]\|\$\)'
[debug] ?[38;5;64m[ADB]?[0m Starting Appium Settings app
[debug] ?[38;5;64m[ADB]?[0m Running '/Users/aleemhaq/Library/Android/sdk/platform-tools/adb -P 5037 -s emulator-5554 shell am start -n io.appium.settings/.Settings -a android.intent.action.MAIN -c android.intent.category.LAUNCHER'
[debug] ?[38;5;64m[ADB]?[0m Getting IDs of all 'io.appium.settings' processes
[debug] ?[38;5;64m[ADB]?[0m Running '/Users/aleemhaq/Library/Android/sdk/platform-tools/adb -P 5037 -s emulator-5554 shell pgrep -f \(\[\[:blank:\]\]\|\^\)io\.appium\.settings\(\[\[:blank:\]\]\|\$\)'
[debug] ?[38;5;64m[ADB]?[0m Getting IDs of all 'io.appium.settings' processes
[debug] ?[38;5;64m[ADB]?[0m Running '/Users/aleemhaq/Library/Android/sdk/platform-tools/adb -P 5037 -s emulator-5554 shell pgrep -f \(\[\[:blank:\]\]\|\^\)io\.appium\.settings\(\[\[:blank:\]\]\|\$\)'
[debug] ?[38;5;96m[Logcat]?[0m Starting logs capture with command: /Users/aleemhaq/Library/Android/sdk/platform-tools/adb -P 5037 -s emulator-5554 logcat -v threadtime
[debug] ?[38;5;32m[AndroidUiautomator2Driver@6586 (cdd7b7db)]?[0m Forwarding UiAutomator2 Server port 6790 to local port 8200
[debug] ?[38;5;64m[ADB]?[0m Forwarding system: 8200 to device: 6790
[debug] ?[38;5;64m[ADB]?[0m Running '/Users/aleemhaq/Library/Android/sdk/platform-tools/adb -P 5037 -s emulator-5554 forward tcp:8200 tcp:6790'
[debug] ?[38;5;64m[ADB]?[0m Getting install status for io.appium.uiautomator2.server
[debug] ?[38;5;64m[ADB]?[0m Running '/Users/aleemhaq/Library/Android/sdk/platform-tools/adb -P 5037 -s emulator-5554 shell dumpsys package io.appium.uiautomator2.server'
[debug] ?[38;5;64m[ADB]?[0m 'io.appium.uiautomator2.server' is installed
[debug] ?[38;5;64m[ADB]?[0m Getting package info for 'io.appium.uiautomator2.server'
[debug] ?[38;5;64m[ADB]?[0m Running '/Users/aleemhaq/Library/Android/sdk/platform-tools/adb -P 5037 -s emulator-5554 shell dumpsys package io.appium.uiautomator2.server'
[debug] ?[38;5;64m[ADB]?[0m The version name of the installed 'io.appium.uiautomator2.server' is greater or equal to the application version name ('5.7.8' >= '5.7.8')
[debug] ?[38;5;32m[AndroidUiautomator2Driver@6586 (cdd7b7db)]?[0m io.appium.uiautomator2.server installation state: sameVersionInstalled
[debug] ?[38;5;64m[ADB]?[0m Checking app cert for /Users/aleemhaq/.appium/node_modules/appium-uiautomator2-driver/node_modules/appium-uiautomator2-server/apks/appium-uiautomator2-server-v5.7.8.apk
?[38;5;64m[ADB]?[0m Using 'apksigner.jar' from '/Users/aleemhaq/Library/Android/sdk/build-tools/33.0.0/lib/apksigner.jar'
[debug] ?[38;5;64m[ADB]?[0m Starting apksigner: /Library/Java/JavaVirtualMachines/jdk-19.jdk/Contents/Home/bin/java -Xmx1024M -Xss1m -jar /Users/aleemhaq/Library/Android/sdk/build-tools/33.0.0/lib/apksigner.jar verify --print-certs /Users/aleemhaq/.appium/node_modules/appium-uiautomator2-driver/node_modules/appium-uiautomator2-server/apks/appium-uiautomator2-server-v5.7.8.apk
[debug] ?[38;5;64m[ADB]?[0m apksigner stdout: Signer #1 certificate DN: EMAILADDRESS=android@android.com, CN=Android, OU=Android, O=Android, L=Mountain View, ST=California, C=US
[debug] ?[38;5;64m[ADB]?[0m Signer #1 certificate SHA-256 digest: a40da80a59d170caa950cf15c18c454d47a39b26989d8b640ecd745ba71bf5dc
[debug] ?[38;5;64m[ADB]?[0m Signer #1 certificate SHA-1 digest: 61ed377e85d386a8dfee6b864bd85b0bfaa5af81
[debug] ?[38;5;64m[ADB]?[0m Signer #1 certificate MD5 digest: e89b158e4bcf988ebd09eb83f5378e87
[debug] ?[38;5;64m[ADB]?[0m 
[debug] ?[38;5;64m[ADB]?[0m sha256 hash did match for 'appium-uiautomator2-server-v5.7.8.apk'
?[38;5;64m[ADB]?[0m '/Users/aleemhaq/.appium/node_modules/appium-uiautomator2-driver/node_modules/appium-uiautomator2-server/apks/appium-uiautomator2-server-v5.7.8.apk' is signed with the default certificate
[debug] ?[38;5;64m[ADB]?[0m Getting install status for io.appium.uiautomator2.server.test
[debug] ?[38;5;64m[ADB]?[0m Running '/Users/aleemhaq/Library/Android/sdk/platform-tools/adb -P 5037 -s emulator-5554 shell dumpsys package io.appium.uiautomator2.server.test'
[debug] ?[38;5;64m[ADB]?[0m 'io.appium.uiautomator2.server.test' is installed
[debug] ?[38;5;64m[ADB]?[0m Checking app cert for /Users/aleemhaq/.appium/node_modules/appium-uiautomator2-driver/node_modules/appium-uiautomator2-server/apks/appium-uiautomator2-server-debug-androidTest.apk
[debug] ?[38;5;64m[ADB]?[0m Starting apksigner: /Library/Java/JavaVirtualMachines/jdk-19.jdk/Contents/Home/bin/java -Xmx1024M -Xss1m -jar /Users/aleemhaq/Library/Android/sdk/build-tools/33.0.0/lib/apksigner.jar verify --print-certs /Users/aleemhaq/.appium/node_modules/appium-uiautomator2-driver/node_modules/appium-uiautomator2-server/apks/appium-uiautomator2-server-debug-androidTest.apk
?[38;5;0m[HTTP]?[0m ?[37m-->?[39m ?[37mGET?[39m ?[37m/wd/hub/session/a04920d4-b372-47bb-830a-9ef2228dd7d2/timeouts?[39m
?[38;5;0m[HTTP]?[0m {}
[debug] ?[38;5;0m[HTTP]?[0m No route found for /wd/hub/session/a04920d4-b372-47bb-830a-9ef2228dd7d2/timeouts
?[38;5;0m[HTTP]?[0m <-- GET /wd/hub/session/a04920d4-b372-47bb-830a-9ef2228dd7d2/timeouts 404 8 ms - 262
?[38;5;0m[HTTP]?[0m 
[debug] ?[38;5;64m[ADB]?[0m apksigner stdout: Signer #1 certificate DN: EMAILADDRESS=android@android.com, CN=Android, OU=Android, O=Android, L=Mountain View, ST=California, C=US
[debug] ?[38;5;64m[ADB]?[0m Signer #1 certificate SHA-256 digest: a40da80a59d170caa950cf15c18c454d47a39b26989d8b640ecd745ba71bf5dc
[debug] ?[38;5;64m[ADB]?[0m Signer #1 certificate SHA-1 digest: 61ed377e85d386a8dfee6b864bd85b0bfaa5af81
[debug] ?[38;5;64m[ADB]?[0m Signer #1 certificate MD5 digest: e89b158e4bcf988ebd09eb83f5378e87
[debug] ?[38;5;64m[ADB]?[0m 
[debug] ?[38;5;64m[ADB]?[0m sha256 hash did match for 'appium-uiautomator2-server-debug-androidTest.apk'
?[38;5;64m[ADB]?[0m '/Users/aleemhaq/.appium/node_modules/appium-uiautomator2-driver/node_modules/appium-uiautomator2-server/apks/appium-uiautomator2-server-debug-androidTest.apk' is signed with the default certificate
?[38;5;32m[AndroidUiautomator2Driver@6586 (cdd7b7db)]?[0m Server packages are not going to be (re)installed
[debug] ?[38;5;32m[AndroidUiautomator2Driver@6586 (cdd7b7db)]?[0m Waiting up to 30000ms for services to be available
[debug] ?[38;5;64m[ADB]?[0m Running '/Users/aleemhaq/Library/Android/sdk/platform-tools/adb -P 5037 -s emulator-5554 shell pm list instrumentation'
[debug] ?[38;5;32m[AndroidUiautomator2Driver@6586 (cdd7b7db)]?[0m Instrumentation target 'io.appium.uiautomator2.server.test/androidx.test.runner.AndroidJUnitRunner' is available
?[38;5;64m[ADB]?[0m Adding packages ["io.appium.settings","io.appium.uiautomator2.server","io.appium.uiautomator2.server.test"] to Doze whitelist
[debug] ?[38;5;64m[ADB]?[0m Got the following command chunks to execute: [["dumpsys","deviceidle","whitelist","+io.appium.settings",";","dumpsys","deviceidle","whitelist","+io.appium.uiautomator2.server",";","dumpsys","deviceidle","whitelist","+io.appium.uiautomator2.server.test",";"]]
[debug] ?[38;5;64m[ADB]?[0m Running '/Users/aleemhaq/Library/Android/sdk/platform-tools/adb -P 5037 -s emulator-5554 shell dumpsys deviceidle whitelist +io.appium.settings ; dumpsys deviceidle whitelist +io.appium.uiautomator2.server ; dumpsys deviceidle whitelist +io.appium.uiautomator2.server.test ;'
[debug] ?[38;5;64m[ADB]?[0m Checking app cert for /Users/aleemhaq/Documents/theScoreChallenge/theScore.apk
[debug] ?[38;5;64m[ADB]?[0m Starting apksigner: /Library/Java/JavaVirtualMachines/jdk-19.jdk/Contents/Home/bin/java -Xmx1024M -Xss1m -jar /Users/aleemhaq/Library/Android/sdk/build-tools/33.0.0/lib/apksigner.jar verify --print-certs /Users/aleemhaq/Documents/theScoreChallenge/theScore.apk
[debug] ?[38;5;64m[ADB]?[0m apksigner stdout: Signer #1 certificate DN: CN=ScoreMobile, OU=ScoreMobile, O=Score, L=Toronto, ST=Ontario, C=CA
[debug] ?[38;5;64m[ADB]?[0m Signer #1 certificate SHA-256 digest: 63a9d0d23a8c11b3828bbb9b208ccc893473385be13c1cd8b6d135c8cc0cb88e
[debug] ?[38;5;64m[ADB]?[0m Signer #1 certificate SHA-1 digest: d22331e99824521955c733da11b15daabbb7b2d5
[debug] ?[38;5;64m[ADB]?[0m Signer #1 certificate MD5 digest: a5556680c4c0d968c21888f672406656
[debug] ?[38;5;64m[ADB]?[0m Source Stamp Signer certificate DN: CN=Android, OU=Android, O=Google Inc., L=Mountain View, ST=California, C=US
[debug] ?[38;5;64m[ADB]?[0m Source Stamp Signer certificate SHA-256 digest: 3257d599a49d2c961a471ca9843f59d341a405884583fc087df4237b733bbd6d
[debug] ?[38;5;64m[ADB]?[0m Source Stamp Signer certificate SHA-1 digest: b1af3a0bf998aeede1a8716a539e5a59da1d86d6
[debug] ?[38;5;64m[ADB]?[0m Source Stamp Signer certificate MD5 digest: 577b8a9fbc7e308321aec6411169d2fb
[debug] ?[38;5;64m[ADB]?[0m 
?[38;5;64m[ADB]?[0m '/Users/aleemhaq/Documents/theScoreChallenge/theScore.apk' is signed with a non-default certificate
[debug] ?[38;5;64m[ADB]?[0m Getting install status for com.fivemobile.thescore
[debug] ?[38;5;64m[ADB]?[0m Running '/Users/aleemhaq/Library/Android/sdk/platform-tools/adb -P 5037 -s emulator-5554 shell dumpsys package com.fivemobile.thescore'
[debug] ?[38;5;64m[ADB]?[0m 'com.fivemobile.thescore' is installed
[debug] ?[38;5;64m[ADB]?[0m Getting package info for 'com.fivemobile.thescore'
[debug] ?[38;5;64m[ADB]?[0m Running '/Users/aleemhaq/Library/Android/sdk/platform-tools/adb -P 5037 -s emulator-5554 shell dumpsys package com.fivemobile.thescore'
[debug] ?[38;5;64m[ADB]?[0m The version name of the installed 'com.fivemobile.thescore' is greater or equal to the application version name ('23.1.0' >= '23.1.0')
[debug] ?[38;5;64m[ADB]?[0m There is no need to install/upgrade '/Users/aleemhaq/Documents/theScoreChallenge/theScore.apk'
?[38;5;80m[AndroidDriver]?[0m Performing fast reset on 'com.fivemobile.thescore'
[debug] ?[38;5;64m[ADB]?[0m Getting install status for com.fivemobile.thescore
[debug] ?[38;5;64m[ADB]?[0m Running '/Users/aleemhaq/Library/Android/sdk/platform-tools/adb -P 5037 -s emulator-5554 shell dumpsys package com.fivemobile.thescore'
[debug] ?[38;5;64m[ADB]?[0m 'com.fivemobile.thescore' is installed
[debug] ?[38;5;64m[ADB]?[0m Running '/Users/aleemhaq/Library/Android/sdk/platform-tools/adb -P 5037 -s emulator-5554 shell am force-stop com.fivemobile.thescore'
[debug] ?[38;5;64m[ADB]?[0m Running '/Users/aleemhaq/Library/Android/sdk/platform-tools/adb -P 5037 -s emulator-5554 shell pm clear com.fivemobile.thescore'
[debug] ?[38;5;64m[ADB]?[0m Running '/Users/aleemhaq/Library/Android/sdk/platform-tools/adb -P 5037 -s emulator-5554 shell dumpsys package com.fivemobile.thescore'
[debug] ?[38;5;64m[ADB]?[0m Retrieving requested permissions
[debug] ?[38;5;64m[ADB]?[0m Retrieved 17 permissions from requested group
[debug] ?[38;5;64m[ADB]?[0m Retrieving granted permissions
[debug] ?[38;5;64m[ADB]?[0m Retrieved 11 permissions from install,runtime groups
[debug] ?[38;5;64m[ADB]?[0m Granting permissions ["android.permission.POST_NOTIFICATIONS","android.permission.READ_CALENDAR","android.permission.WRITE_CALENDAR","android.permission.ACCESS_COARSE_LOCATION","android.permission.ACCESS_FINE_LOCATION","android.finsky.permission.BIND_GET_INSTALL_REFERRER_SERVICE"] to 'com.fivemobile.thescore'
[debug] ?[38;5;64m[ADB]?[0m Got the following command chunks to execute: [["pm","grant","com.fivemobile.thescore","android.permission.POST_NOTIFICATIONS",";","pm","grant","com.fivemobile.thescore","android.permission.READ_CALENDAR",";","pm","grant","com.fivemobile.thescore","android.permission.WRITE_CALENDAR",";","pm","grant","com.fivemobile.thescore","android.permission.ACCESS_COARSE_LOCATION",";","pm","grant","com.fivemobile.thescore","android.permission.ACCESS_FINE_LOCATION",";","pm","grant","com.fivemobile.thescore","android.finsky.permission.BIND_GET_INSTALL_REFERRER_SERVICE",";"]]
[debug] ?[38;5;64m[ADB]?[0m Running '/Users/aleemhaq/Library/Android/sdk/platform-tools/adb -P 5037 -s emulator-5554 shell pm grant com.fivemobile.thescore android.permission.POST_NOTIFICATIONS ; pm grant com.fivemobile.thescore android.permission.READ_CALENDAR ; pm grant com.fivemobile.thescore android.permission.WRITE_CALENDAR ; pm grant com.fivemobile.thescore android.permission.ACCESS_COARSE_LOCATION ; pm grant com.fivemobile.thescore android.permission.ACCESS_FINE_LOCATION ; pm grant com.fivemobile.thescore android.finsky.permission.BIND_GET_INSTALL_REFERRER_SERVICE ;'
[debug] ?[38;5;80m[AndroidDriver]?[0m Performed fast reset on the installed 'com.fivemobile.thescore' application (stop and clear)
[debug] ?[38;5;32m[AndroidUiautomator2Driver@6586 (cdd7b7db)]?[0m Performing shallow cleanup of automation leftovers
[debug] ?[38;5;32m[AndroidUiautomator2Driver@6586 (cdd7b7db)]?[0m No obsolete sessions have been detected (socket hang up)
[debug] ?[38;5;64m[ADB]?[0m Running '/Users/aleemhaq/Library/Android/sdk/platform-tools/adb -P 5037 -s emulator-5554 shell am force-stop io.appium.uiautomator2.server.test'
?[38;5;32m[AndroidUiautomator2Driver@6586 (cdd7b7db)]?[0m Starting UIAutomator2 server 5.7.8
?[38;5;32m[AndroidUiautomator2Driver@6586 (cdd7b7db)]?[0m Using UIAutomator2 server from '/Users/aleemhaq/.appium/node_modules/appium-uiautomator2-driver/node_modules/appium-uiautomator2-server/apks/appium-uiautomator2-server-v5.7.8.apk' and test from '/Users/aleemhaq/.appium/node_modules/appium-uiautomator2-driver/node_modules/appium-uiautomator2-server/apks/appium-uiautomator2-server-debug-androidTest.apk'
?[38;5;32m[AndroidUiautomator2Driver@6586 (cdd7b7db)]?[0m Waiting up to 30000ms for UiAutomator2 to be online...
[debug] ?[38;5;64m[ADB]?[0m Creating ADB subprocess with args: ["-P",5037,"-s","emulator-5554","shell","am","instrument","-w","-e","disableAnalytics",true,"io.appium.uiautomator2.server.test/androidx.test.runner.AndroidJUnitRunner"]
[debug] ?[38;5;32m[AndroidUiautomator2Driver@6586 (cdd7b7db)]?[0m Matched '/status' to command name 'getStatus'
[debug] ?[38;5;32m[AndroidUiautomator2Driver@6586 (cdd7b7db)]?[0m Proxying [GET /status] to [GET http://127.0.0.1:8200/status] with no body
?[38;5;32m[AndroidUiautomator2Driver@6586 (cdd7b7db)]?[0m socket hang up
[debug] ?[38;5;32m[AndroidUiautomator2Driver@6586 (cdd7b7db)]?[0m Matched '/status' to command name 'getStatus'
[debug] ?[38;5;32m[AndroidUiautomator2Driver@6586 (cdd7b7db)]?[0m Proxying [GET /status] to [GET http://127.0.0.1:8200/status] with no body
?[38;5;32m[AndroidUiautomator2Driver@6586 (cdd7b7db)]?[0m socket hang up
[debug] ?[38;5;112m[Instrumentation]?[0m io.appium.uiautomator2.server.test.AppiumUiAutomator2Server:
[debug] ?[38;5;32m[AndroidUiautomator2Driver@6586 (cdd7b7db)]?[0m Matched '/status' to command name 'getStatus'
[debug] ?[38;5;32m[AndroidUiautomator2Driver@6586 (cdd7b7db)]?[0m Proxying [GET /status] to [GET http://127.0.0.1:8200/status] with no body
?[38;5;32m[AndroidUiautomator2Driver@6586 (cdd7b7db)]?[0m socket hang up
[debug] ?[38;5;32m[AndroidUiautomator2Driver@6586 (cdd7b7db)]?[0m Matched '/status' to command name 'getStatus'
[debug] ?[38;5;32m[AndroidUiautomator2Driver@6586 (cdd7b7db)]?[0m Proxying [GET /status] to [GET http://127.0.0.1:8200/status] with no body
[debug] ?[38;5;32m[AndroidUiautomator2Driver@6586 (cdd7b7db)]?[0m Got response with status 200: {"sessionId":"None","value":{"message":"UiAutomator2 Server is ready to accept commands","ready":true}}
[debug] ?[38;5;32m[AndroidUiautomator2Driver@6586 (cdd7b7db)]?[0m The initialization of the instrumentation process took 3090ms
[debug] ?[38;5;32m[AndroidUiautomator2Driver@6586 (cdd7b7db)]?[0m Matched '/session' to command name 'createSession'
[debug] ?[38;5;32m[AndroidUiautomator2Driver@6586 (cdd7b7db)]?[0m Proxying [POST /session] to [POST http://127.0.0.1:8200/session] with body: {"capabilities":{"firstMatch":[{"platform":"LINUX","webStorageEnabled":false,"takesScreenshot":true,"javascriptEnabled":true,"databaseEnabled":false,"networkConnectionEnabled":true,"locationContextEnabled":false,"warnings":{},"desired":{"platformName":"android","app":"/Users/aleemhaq/Documents/theScoreChallenge/theScore.apk","autoGrantPermissions":true,"automationName":"UiAutomator2","avd":"Pixel_6_API_33","eventTimings":true},"platformName":"android","app":"/Users/aleemhaq/Documents/theScoreChallenge/theScore.apk","autoGrantPermissions":true,"automationName":"UiAutomator2","avd":"Pixel_6_API_33","eventTimings":true,"deviceName":"emulator-5554","deviceUDID":"emulator-5554","appPackage":"com.fivemobile.thescore"}],"alwaysMatch":{}}}
[debug] ?[38;5;32m[AndroidUiautomator2Driver@6586 (cdd7b7db)]?[0m Got response with status 200: {"sessionId":"ac8cb33a-74d8-4bb0-ae56-1d86d76b0b58","value":{"capabilities":{"firstMatch":[{"platform":"LINUX","webStorageEnabled":false,"takesScreenshot":true,"javascriptEnabled":true,"databaseEnabled":false,"networkConnectionEnabled":true,"locationContextEnabled":false,"warnings":{},"desired":{"platformName":"android","app":"/Users/aleemhaq/Documents/theScoreChallenge/theScore.apk","autoGrantPermissions":true,"automationName":"UiAutomator2","avd":"Pixel_6_API_33","eventTimings":true},"platformName":"android","app":"/Users/aleemhaq/Documents/theScoreChallenge/theScore.apk","autoGrantPermissions":true,"automationName":"UiAutomator2","avd":"Pixel_6_API_33","eventTimings":true,"deviceName":"emulator-5554","deviceUDID":"emulator-5554","appPackage":"com.fivemobile.thescore"}],"alwaysMatch":{}},"sessionId":"ac8cb33a-74d8-4bb0-ae56-1d86d76b0b58"}}
?[38;5;32m[AndroidUiautomator2Driver@6586 (cdd7b7db)]?[0m Determined the downstream protocol as 'W3C'
[debug] ?[38;5;32m[AndroidUiautomator2Driver@6586 (cdd7b7db)]?[0m Proxying [GET /appium/device/info] to [GET http://127.0.0.1:8200/session/ac8cb33a-74d8-4bb0-ae56-1d86d76b0b58/appium/device/info] with no body
[debug] ?[38;5;32m[AndroidUiautomator2Driver@6586 (cdd7b7db)]?[0m Got response with status 200: {"sessionId":"ac8cb33a-74d8-4bb0-ae56-1d86d76b0b58","value":{"androidId":"e87a1f2381c18d0f","apiVersion":"33","bluetooth":{"state":"ON"},"brand":"google","carrierName":"T-Mobile","displayDensity":420,"locale":"en_US","manufacturer":"Google","model":"sdk_gphone64_x86_64","networks":[{"capabilities":{"SSID":null,"linkDownBandwidthKbps":4300,"linkUpstreamBandwidthKbps":1800,"networkCapabilities":"NET_CAPABILITY_MMS,NET_CAPABILITY_SUPL,NET_CAPABILITY_DUN,NET_CAPABILITY_FOTA,NET_CAPABILITY_IMS,NET_CAPABILITY_CBS,NET_CAPABILITY_INTERNET,NET_CAPABILITY_NOT_RESTRICTED,NET_CAPABILITY_TRUSTED,NET_CAPABILITY_NOT_VPN,NET_CAPABILITY_VALIDATED,NET_CAPABILITY_NOT_ROAMING,NET_CAPABILITY_NOT_CONGESTED,NET_CAPABILITY_NOT_SUSPENDED","signalStrength":-2147483648,"transportTypes":"TRANSPORT_CELLULAR"},"detailedState":"CONNECTED","extraInfo":"epc.tmobile.com","isAvailable":true,"isConnected":true,"isFailover":false,"isRoaming":false,"state":"CONNECTED","subtype":10,"subtypeName":"HSPA","type":0,"typeName":"MOBILE"},{"capabiliti...
[debug] ?[38;5;64m[ADB]?[0m Running '/Users/aleemhaq/Library/Android/sdk/platform-tools/adb -P 5037 -s emulator-5554 shell dumpsys window'
?[38;5;80m[AndroidDriver]?[0m Screen already unlocked, doing nothing
?[38;5;32m[AndroidUiautomator2Driver@6586 (cdd7b7db)]?[0m Starting 'com.fivemobile.thescore/com.fivemobile.thescore.ui.MainActivity and waiting for 'com.fivemobile.thescore/com.fivemobile.thescore.ui.MainActivity'
[debug] ?[38;5;64m[ADB]?[0m Running '/Users/aleemhaq/Library/Android/sdk/platform-tools/adb -P 5037 -s emulator-5554 shell am start -W -n com.fivemobile.thescore/com.fivemobile.thescore.ui.MainActivity -S -a android.intent.action.MAIN -c android.intent.category.LAUNCHER -f 0x10200000'
?[38;5;0m[HTTP]?[0m ?[37m-->?[39m ?[37mGET?[39m ?[37m/wd/hub/session/a04920d4-b372-47bb-830a-9ef2228dd7d2/timeouts?[39m
?[38;5;0m[HTTP]?[0m {}
[debug] ?[38;5;0m[HTTP]?[0m No route found for /wd/hub/session/a04920d4-b372-47bb-830a-9ef2228dd7d2/timeouts
?[38;5;0m[HTTP]?[0m <-- GET /wd/hub/session/a04920d4-b372-47bb-830a-9ef2228dd7d2/timeouts 404 8 ms - 262
?[38;5;0m[HTTP]?[0m 
[debug] ?[38;5;64m[ADB]?[0m Waiting up to 20000ms for activity matching pkg: 'com.fivemobile.thescore' and activity: 'com.fivemobile.thescore.ui.MainActivity' to be focused
[debug] ?[38;5;64m[ADB]?[0m Possible activities, to be checked: 'com.fivemobile.thescore.ui.MainActivity', 'com.fivemobile.thescore.com.fivemobile.thescore.ui.MainActivity'
[debug] ?[38;5;64m[ADB]?[0m Getting focused package and activity
[debug] ?[38;5;64m[ADB]?[0m Running '/Users/aleemhaq/Library/Android/sdk/platform-tools/adb -P 5037 -s emulator-5554 shell dumpsys window displays'
[debug] ?[38;5;64m[ADB]?[0m Found package: 'com.fivemobile.thescore' and fully qualified activity name : 'com.fivemobile.thescore.ui.MainActivity'
[debug] ?[38;5;32m[AndroidUiautomator2Driver@6586 (cdd7b7db)]?[0m Proxying [GET /appium/device/pixel_ratio] to [GET http://127.0.0.1:8200/session/ac8cb33a-74d8-4bb0-ae56-1d86d76b0b58/appium/device/pixel_ratio] with no body
[debug] ?[38;5;32m[AndroidUiautomator2Driver@6586 (cdd7b7db)]?[0m Got response with status 200: {"sessionId":"ac8cb33a-74d8-4bb0-ae56-1d86d76b0b58","value":2.625}
[debug] ?[38;5;32m[AndroidUiautomator2Driver@6586 (cdd7b7db)]?[0m Matched '/appium/device/system_bars' to command name 'getSystemBars'
[debug] ?[38;5;32m[AndroidUiautomator2Driver@6586 (cdd7b7db)]?[0m Proxying [GET /appium/device/system_bars] to [GET http://127.0.0.1:8200/session/ac8cb33a-74d8-4bb0-ae56-1d86d76b0b58/appium/device/system_bars] with no body
[debug] ?[38;5;32m[AndroidUiautomator2Driver@6586 (cdd7b7db)]?[0m Got response with status 200: {"sessionId":"ac8cb33a-74d8-4bb0-ae56-1d86d76b0b58","value":{"statusBar":136}}
[debug] ?[38;5;32m[AndroidUiautomator2Driver@6586 (cdd7b7db)]?[0m Matched '/window/current/size' to command name 'getWindowSize'
[debug] ?[38;5;32m[AndroidUiautomator2Driver@6586 (cdd7b7db)]?[0m Proxying [GET /window/current/size] to [GET http://127.0.0.1:8200/session/ac8cb33a-74d8-4bb0-ae56-1d86d76b0b58/window/current/size] with no body
[debug] ?[38;5;32m[AndroidUiautomator2Driver@6586 (cdd7b7db)]?[0m Got response with status 200: {"sessionId":"ac8cb33a-74d8-4bb0-ae56-1d86d76b0b58","value":{"height":2201,"width":1080}}
?[38;5;16m[AppiumDriver@69d1]?[0m New AndroidUiautomator2Driver session created successfully, session cdd7b7db-5439-4f84-92b8-396c9742913d added to master session list
[debug] ?[38;5;16m[AppiumDriver@69d1]?[0m Event 'newSessionStarted' logged at 1676844344413 (17:05:44 GMT-0500 (Eastern Standard Time))
[debug] ?[38;5;32m[AndroidUiautomator2Driver@6586 (cdd7b7db)]?[0m Cached the protocol value 'W3C' for the new session cdd7b7db-5439-4f84-92b8-396c9742913d
[debug] ?[38;5;32m[AndroidUiautomator2Driver@6586 (cdd7b7db)]?[0m Responding to client with driver.createSession() result: {"capabilities":{"platform":"LINUX","webStorageEnabled":false,"takesScreenshot":true,"javascriptEnabled":true,"databaseEnabled":false,"networkConnectionEnabled":true,"locationContextEnabled":false,"warnings":{},"desired":{"platformName":"android","app":"/Users/aleemhaq/Documents/theScoreChallenge/theScore.apk","autoGrantPermissions":true,"automationName":"UiAutomator2","avd":"Pixel_6_API_33","eventTimings":true},"platformName":"android","app":"/Users/aleemhaq/Documents/theScoreChallenge/theScore.apk","autoGrantPermissions":true,"automationName":"UiAutomator2","avd":"Pixel_6_API_33","eventTimings":true,"deviceName":"emulator-5554","deviceUDID":"emulator-5554","appPackage":"com.fivemobile.thescore","deviceApiLevel":33,"platformVersion":"13","deviceScreenSize":"1080x2400","deviceScreenDensity":420,"deviceModel":"sdk_gphone64_x86_64","deviceManufacturer":"Google","pixelRatio":2.625,"statBarHeight":136,"viewportRect":{"left":0,"top":136,"width":1080,"height":2065}}}
?[38;5;0m[HTTP]?[0m <-- POST /session 200 10555 ms - 1036
?[38;5;0m[HTTP]?[0m 
?[38;5;0m[HTTP]?[0m ?[37m-->?[39m ?[37mPOST?[39m ?[37m/session/cdd7b7db-5439-4f84-92b8-396c9742913d/timeouts?[39m
?[38;5;0m[HTTP]?[0m {"implicit":30000}
[debug] ?[38;5;32m[AndroidUiautomator2Driver@6586 (cdd7b7db)]?[0m Calling AppiumDriver.timeouts() with args: [null,null,null,null,30000,"cdd7b7db-5439-4f84-92b8-396c9742913d"]
[debug] ?[38;5;32m[AndroidUiautomator2Driver@6586 (cdd7b7db)]?[0m W3C timeout argument: {"implicit":30000}}
[debug] ?[38;5;32m[AndroidUiautomator2Driver@6586 (cdd7b7db)]?[0m Set implicit wait to 30000ms
[debug] ?[38;5;32m[AndroidUiautomator2Driver@6586 (cdd7b7db)]?[0m Responding to client with driver.timeouts() result: null
?[38;5;0m[HTTP]?[0m <-- POST /session/cdd7b7db-5439-4f84-92b8-396c9742913d/timeouts 200 3 ms - 14
?[38;5;0m[HTTP]?[0m 
?[38;5;0m[HTTP]?[0m ?[37m-->?[39m ?[37mDELETE?[39m ?[37m/session/cdd7b7db-5439-4f84-92b8-396c9742913d?[39m
?[38;5;0m[HTTP]?[0m {}
[debug] ?[38;5;32m[AndroidUiautomator2Driver@6586 (cdd7b7db)]?[0m Calling AppiumDriver.deleteSession() with args: ["cdd7b7db-5439-4f84-92b8-396c9742913d"]
[debug] ?[38;5;16m[AppiumDriver@69d1]?[0m Event 'quitSessionRequested' logged at 1676844344581 (17:05:44 GMT-0500 (Eastern Standard Time))
?[38;5;16m[AppiumDriver@69d1]?[0m Removing session cdd7b7db-5439-4f84-92b8-396c9742913d from our master session list
[debug] ?[38;5;32m[AndroidUiautomator2Driver@6586 (cdd7b7db)]?[0m Deleting UiAutomator2 session
[debug] ?[38;5;32m[AndroidUiautomator2Driver@6586 (cdd7b7db)]?[0m Deleting UiAutomator2 server session
[debug] ?[38;5;32m[AndroidUiautomator2Driver@6586 (cdd7b7db)]?[0m Matched '/' to command name 'deleteSession'
[debug] ?[38;5;32m[AndroidUiautomator2Driver@6586 (cdd7b7db)]?[0m Proxying [DELETE /] to [DELETE http://127.0.0.1:8200/session/ac8cb33a-74d8-4bb0-ae56-1d86d76b0b58] with no body
[debug] ?[38;5;32m[AndroidUiautomator2Driver@6586 (cdd7b7db)]?[0m Got response with status 200: {"sessionId":"ac8cb33a-74d8-4bb0-ae56-1d86d76b0b58","value":null}
[debug] ?[38;5;64m[ADB]?[0m Running '/Users/aleemhaq/Library/Android/sdk/platform-tools/adb -P 5037 -s emulator-5554 shell dumpsys activity services io.appium.settings/.recorder.RecorderService'
[debug] ?[38;5;64m[ADB]?[0m Running '/Users/aleemhaq/Library/Android/sdk/platform-tools/adb -P 5037 -s emulator-5554 shell am force-stop com.fivemobile.thescore'
[debug] ?[38;5;96m[Logcat]?[0m Stopping logcat capture
[debug] ?[38;5;64m[ADB]?[0m Removing forwarded port socket connection: 8200 
[debug] ?[38;5;64m[ADB]?[0m Running '/Users/aleemhaq/Library/Android/sdk/platform-tools/adb -P 5037 -s emulator-5554 forward --remove tcp:8200'
?[38;5;32m[AndroidUiautomator2Driver@6586 (cdd7b7db)]?[0m Restoring hidden api policy to the device default configuration
[debug] ?[38;5;64m[ADB]?[0m Running '/Users/aleemhaq/Library/Android/sdk/platform-tools/adb -P 5037 -s emulator-5554 shell 'settings delete global hidden_api_policy_pre_p_apps;settings delete global hidden_api_policy_p_apps;settings delete global hidden_api_policy''
[debug] ?[38;5;112m[Instrumentation]?[0m .
[debug] ?[38;5;112m[Instrumentation]?[0m Time: 4.061
[debug] ?[38;5;112m[Instrumentation]?[0m 
[debug] ?[38;5;112m[Instrumentation]?[0m OK (1 test)
[debug] ?[38;5;112m[Instrumentation]?[0m The process has exited with code 0
[debug] ?[38;5;16m[AppiumDriver@69d1]?[0m Event 'quitSessionFinished' logged at 1676844345298 (17:05:45 GMT-0500 (Eastern Standard Time))
[debug] ?[38;5;16m[AppiumDriver@69d1]?[0m Received response: null
[debug] ?[38;5;16m[AppiumDriver@69d1]?[0m But deleting session, so not returning
[debug] ?[38;5;16m[AppiumDriver@69d1]?[0m Responding to client with driver.deleteSession() result: null
?[38;5;0m[HTTP]?[0m <-- DELETE /session/cdd7b7db-5439-4f84-92b8-396c9742913d 200 718 ms - 14
?[38;5;0m[HTTP]?[0m 
]]></system-out>
  <system-err><![CDATA[SLF4J: No SLF4J providers were found.
SLF4J: Defaulting to no-operation (NOP) logger implementation
SLF4J: See https://www.slf4j.org/codes.html#noProviders for further details.
]]></system-err>
</testsuite>
